TN:
SF:C:\Users\roush\newHardhatLottery\contracts\Raffle.sol
FN:57,constructor
FN:68,enterRaffle
FN:92,checkUpkeep
FN:115,performUpkeep
FN:143,fulfillRandomWords
FN:169,getRaffleState
FN:173,getNumWords
FN:177,getRequestConfirmations
FN:181,getRecentWinner
FN:185,getPlayer
FN:189,getLastTimeStamp
FN:193,getInterval
FN:197,getEntranceFee
FN:201,getNumberOfPlayers
FNF:14
FNH:5
FNDA:3,constructor
FNDA:1,enterRaffle
FNDA:0,checkUpkeep
FNDA:0,performUpkeep
FNDA:0,fulfillRandomWords
FNDA:1,getRaffleState
FNDA:0,getNumWords
FNDA:0,getRequestConfirmations
FNDA:0,getRecentWinner
FNDA:0,getPlayer
FNDA:0,getLastTimeStamp
FNDA:2,getInterval
FNDA:2,getEntranceFee
FNDA:0,getNumberOfPlayers
DA:58,3
DA:59,3
DA:60,3
DA:61,3
DA:62,3
DA:63,3
DA:64,3
DA:65,3
DA:69,1
DA:70,0
DA:71,0
DA:72,0
DA:74,0
DA:75,0
DA:77,0
DA:80,0
DA:103,0
DA:104,0
DA:105,0
DA:106,0
DA:107,0
DA:108,0
DA:118,0
DA:120,0
DA:121,0
DA:127,0
DA:128,0
DA:136,0
DA:153,0
DA:154,0
DA:155,0
DA:156,0
DA:157,0
DA:158,0
DA:159,0
DA:161,0
DA:162,0
DA:164,0
DA:170,1
DA:174,0
DA:178,0
DA:182,0
DA:186,0
DA:190,0
DA:194,2
DA:198,2
DA:202,0
LF:47
LH:12
BRDA:69,1,0,0
BRDA:69,1,1,1
BRDA:70,2,0,0
BRDA:70,2,1,0
BRDA:71,3,0,0
BRDA:71,3,1,0
BRDA:74,4,0,0
BRDA:74,4,1,0
BRDA:120,5,0,0
BRDA:120,5,1,0
BRDA:161,6,0,0
BRDA:161,6,1,0
BRF:12
BRH:1
end_of_record
TN:
SF:C:\Users\roush\newHardhatLottery\contracts\test\VRFCoordinatorV2Mock.sol
FNF:0
FNH:0
LF:0
LH:0
BRF:0
BRH:0
end_of_record
